<?xml version="1.0" encoding="UTF-8"?>
<testng-results skipped="0" failed="0" ignored="0" total="2" passed="2">
  <reporter-output>
  </reporter-output>
  <suite name="Default suite" duration-ms="22059" started-at="2019-01-28T02:10:42Z" finished-at="2019-01-28T02:11:04Z">
    <groups>
    </groups>
    <test name="Default test" duration-ms="22059" started-at="2019-01-28T02:10:42Z" finished-at="2019-01-28T02:11:04Z">
      <class name="com.weight.testcases.HomePageTest">
        <test-method status="PASS" signature="setUp()[pri:0, instance:com.weight.testcases.HomePageTest@cb644e]" name="setUp" is-config="true" duration-ms="8988" started-at="2019-01-28T02:10:42Z" finished-at="2019-01-28T02:10:51Z">
          <reporter-output>
          </reporter-output>
        </test-method> <!-- setUp -->
        <test-method status="PASS" signature="HomePageTitle()[pri:1, instance:com.weight.testcases.HomePageTest@cb644e]" name="HomePageTitle" duration-ms="12" started-at="2019-01-28T02:10:51Z" finished-at="2019-01-28T02:10:51Z">
          <reporter-output>
          </reporter-output>
        </test-method> <!-- HomePageTitle -->
        <test-method status="PASS" signature="tearDown()[pri:0, instance:com.weight.testcases.HomePageTest@cb644e]" name="tearDown" is-config="true" duration-ms="1076" started-at="2019-01-28T02:10:51Z" finished-at="2019-01-28T02:10:52Z">
          <reporter-output>
          </reporter-output>
        </test-method> <!-- tearDown -->
        <test-method status="PASS" signature="setUp()[pri:0, instance:com.weight.testcases.HomePageTest@cb644e]" name="setUp" is-config="true" duration-ms="8940" started-at="2019-01-28T02:10:52Z" finished-at="2019-01-28T02:11:01Z">
          <reporter-output>
          </reporter-output>
        </test-method> <!-- setUp -->
        <test-method status="PASS" signature="clickonfindstudio()[pri:2, instance:com.weight.testcases.HomePageTest@cb644e]" name="clickonfindstudio" duration-ms="2238" started-at="2019-01-28T02:11:01Z" finished-at="2019-01-28T02:11:03Z">
          <reporter-output>
          </reporter-output>
        </test-method> <!-- clickonfindstudio -->
        <test-method status="PASS" signature="tearDown()[pri:0, instance:com.weight.testcases.HomePageTest@cb644e]" name="tearDown" is-config="true" duration-ms="784" started-at="2019-01-28T02:11:03Z" finished-at="2019-01-28T02:11:04Z">
          <reporter-output>
          </reporter-output>
        </test-method> <!-- tearDown -->
      </class> <!-- com.weight.testcases.HomePageTest -->
    </test> <!-- Default test -->
  </suite> <!-- Default suite -->
</testng-results>
